<?xml version="1.0" encoding="UTF-8"?>
<!-- Generated by org.testng.reporters.JUnitReportReporter -->
<testsuite hostname="DESKTOP-HDBL699" failures="0" tests="1" name="testpackg.NykaaTest" time="0.834" errors="0" timestamp="2024-12-18T21:11:52 IST" skipped="0">
  <testcase classname="testpackg.NykaaTest" name="srchClick" time="0.834"/>
  <system-out/>
</testsuite> <!-- testpackg.NykaaTest -->
