<?xml version="1.0" encoding="UTF-8"?>
<!-- Generated by org.testng.reporters.JUnitReportReporter -->
<testsuite hostname="DESKTOP-HDBL699" failures="0" tests="4" name="testpackg.JioTest" time="330.447" errors="0" timestamp="2024-12-29T14:54:56 IST" skipped="0">
  <testcase classname="testpackg.JioTest" name="srchClick" time="322.591"/>
  <system-out/>
  <testcase classname="testpackg.JioTest" name="PageSource" time="0.451"/>
  <system-out/>
  <testcase classname="testpackg.JioTest" name="titleVerification" time="0.025"/>
  <system-out/>
  <testcase classname="testpackg.JioTest" name="hoverOverTabs" time="7.380"/>
  <system-out/>
</testsuite> <!-- testpackg.JioTest -->
